<?xml version="1.0" encoding="UTF-8"?>
<testng-results skipped="0" failed="0" total="1" passed="1">
  <reporter-output>
  </reporter-output>
  <suite name="Default suite" duration-ms="3775" started-at="2021-01-14T05:02:49Z" finished-at="2021-01-14T05:02:53Z">
    <groups>
    </groups>
    <test name="Default test" duration-ms="3775" started-at="2021-01-14T05:02:49Z" finished-at="2021-01-14T05:02:53Z">
      <class name="google.maps.AddPlace_Google">
        <test-method status="PASS" signature="addPlace()[pri:0, instance:google.maps.AddPlace_Google@2eee9593]" name="addPlace" duration-ms="3762" started-at="2021-01-14T10:32:49Z" finished-at="2021-01-14T10:32:53Z">
          <reporter-output>
          </reporter-output>
        </test-method> <!-- addPlace -->
      </class> <!-- google.maps.AddPlace_Google -->
    </test> <!-- Default test -->
  </suite> <!-- Default suite -->
</testng-results>
