<?xml version="1.0" encoding="UTF-8"?>
<testng-results ignored="0" total="2" passed="2" failed="0" skipped="0">
  <reporter-output>
  </reporter-output>
  <suite started-at="2021-06-16T19:13:44 IST" name="Default suite" finished-at="2021-06-16T19:13:50 IST" duration-ms="5339">
    <groups>
    </groups>
    <test started-at="2021-06-16T19:13:44 IST" name="Default test" finished-at="2021-06-16T19:13:50 IST" duration-ms="5339">
      <class name="Serialization_GoogleMaps.AddPlace_Serialize">
        <test-method signature="addPlace()[pri:0, instance:Serialization_GoogleMaps.AddPlace_Serialize@48974e45]" started-at="2021-06-16T19:13:44 IST" name="addPlace" finished-at="2021-06-16T19:13:48 IST" duration-ms="3209" status="PASS">
          <reporter-output>
          </reporter-output>
        </test-method> <!-- addPlace -->
        <test-method signature="getPlace()[pri:0, instance:Serialization_GoogleMaps.AddPlace_Serialize@48974e45]" started-at="2021-06-16T19:13:48 IST" name="getPlace" finished-at="2021-06-16T19:13:50 IST" depends-on-methods="Serialization_GoogleMaps.AddPlace_Serialize.addPlace" duration-ms="2087" status="PASS">
          <reporter-output>
          </reporter-output>
        </test-method> <!-- getPlace -->
      </class> <!-- Serialization_GoogleMaps.AddPlace_Serialize -->
    </test> <!-- Default test -->
  </suite> <!-- Default suite -->
</testng-results>
